# JRE version: OpenJDK Runtime Environment Corretto-21.0.0.35.1 (21.0+35) (build 21+35-LTS)
# Java VM: OpenJDK 64-Bit Server VM Corretto-21.0.0.35.1 (21+35-LTS, mixed mode, sharing, tiered, compressed oops, compressed class ptrs, g1 gc, linux-amd64)
GC Precious Log:
 CardTable entry size: 512
 Card Set container configuration: InlinePtr #cards 4 size 8 Array Of Cards #cards 64 size 144 Howl #buckets 8 coarsen threshold 14745 Howl Bitmap #cards 2048 size 272 coarsen threshold 1843 Card regions per heap region 1 cards per card region 16384
 CPUs: 20 total, 20 available
 Memory: 63955M
 Large Page Support: Disabled
 NUMA Support: Disabled
 Compressed Oops: Enabled (Zero based)
 Heap Region Size: 8M
 Heap Min Capacity: 8M
 Heap Initial Capacity: 1000M
 Heap Max Capacity: 15992M
 Pre-touch: Disabled
 Parallel Workers: 15
 Concurrent Workers: 4
 Concurrent Refinement Workers: 15
 Periodic GC: Disabled
Heap:
 garbage-first heap   total 1032192K, used 131038K [0x0000000418800000, 0x0000000800000000)
  region size 8192K, 17 young (139264K), 1 survivors (8192K)
 Metaspace       used 21009K, committed 21376K, reserved 1114112K
  class space    used 2719K, committed 2880K, reserved 1048576K
GC Heap History (6 events):
Event: 0.323 GC heap before
{Heap before GC invocations=0 (full 0):
 garbage-first heap   total 1032192K, used 50205K [0x0000000418800000, 0x0000000800000000)
  region size 8192K, 6 young (49152K), 0 survivors (0K)
 Metaspace       used 5346K, committed 5568K, reserved 1114112K
  class space    used 495K, committed 576K, reserved 1048576K
}
Event: 0.325 GC heap after
{Heap after GC invocations=1 (full 0):
 garbage-first heap   total 1032192K, used 5834K [0x0000000418800000, 0x0000000800000000)
  region size 8192K, 1 young (8192K), 1 survivors (8192K)
 Metaspace       used 5346K, committed 5568K, reserved 1114112K
  class space    used 495K, committed 576K, reserved 1048576K
}
Event: 0.552 GC heap before
{Heap before GC invocations=1 (full 0):
 garbage-first heap   total 1032192K, used 46794K [0x0000000418800000, 0x0000000800000000)
  region size 8192K, 6 young (49152K), 1 survivors (8192K)
 Metaspace       used 8408K, committed 8640K, reserved 1114112K
  class space    used 837K, committed 960K, reserved 1048576K
}
Event: 0.555 GC heap after
{Heap after GC invocations=2 (full 0):
 garbage-first heap   total 1032192K, used 6497K [0x0000000418800000, 0x0000000800000000)
  region size 8192K, 1 young (8192K), 1 survivors (8192K)
 Metaspace       used 8408K, committed 8640K, reserved 1114112K
  class space    used 837K, committed 960K, reserved 1048576K
}
Event: 0.892 GC heap before
{Heap before GC invocations=2 (full 0):
 garbage-first heap   total 1032192K, used 80225K [0x0000000418800000, 0x0000000800000000)
  region size 8192K, 10 young (81920K), 1 survivors (8192K)
 Metaspace       used 13197K, committed 13440K, reserved 1114112K
  class space    used 1520K, committed 1664K, reserved 1048576K
}
Event: 0.894 GC heap after
{Heap after GC invocations=3 (full 0):
 garbage-first heap   total 1032192K, used 8158K [0x0000000418800000, 0x0000000800000000)
  region size 8192K, 1 young (8192K), 1 survivors (8192K)
 Metaspace       used 13197K, committed 13440K, reserved 1114112K
  class space    used 1520K, committed 1664K, reserved 1048576K
}

